This file contains any messages produced by compilers while
running configure, to aid debugging if configure makes a mistake.

It was created by rawicmp configure 0.6.1, which was
generated by GNU Autoconf 2.54.  Invocation command line was

  $ ./configure --no-create --no-recursion

## --------- ##
## Platform. ##
## --------- ##

hostname = darkstar
uname -m = i686
uname -r = 2.4.20
uname -s = Linux
uname -v = #3 Wed Dec 4 17:02:29 UTC 2002

/usr/bin/uname -p = unknown
/bin/uname -X     = unknown

/bin/arch              = i686
/usr/bin/arch -k       = unknown
/usr/convex/getsysinfo = unknown
hostinfo               = unknown
/bin/machine           = unknown
/usr/bin/oslevel       = unknown
/bin/universe          = unknown

PATH: /usr/local/sbin
PATH: /usr/sbin
PATH: /sbin
PATH: /usr/local/bin
PATH: /usr/bin
PATH: /bin
PATH: /usr/X11R6/bin
PATH: /usr/games
PATH: /opt/kde/bin
PATH: /usr/lib/qt-3.0.4/bin
PATH: /usr/share/texmf/bin


## ----------- ##
## Core tests. ##
## ----------- ##

configure:1285: checking for a BSD-compatible install
configure:1339: result: /usr/bin/ginstall -c
configure:1350: checking whether build environment is sane
configure:1393: result: yes
configure:1426: checking for gawk
configure:1442: found /usr/bin/gawk
configure:1452: result: gawk
configure:1462: checking whether make sets ${MAKE}
configure:1482: result: yes
configure:1688: checking for gcc
configure:1704: found /usr/bin/gcc
configure:1714: result: gcc
configure:1956: checking for C compiler version
configure:1959: gcc --version </dev/null >&5
2.95.3
configure:1962: $? = 0
configure:1964: gcc -v </dev/null >&5
Reading specs from /usr/lib/gcc-lib/i386-slackware-linux/2.95.3/specs
gcc version 2.95.3 20010315 (release)
configure:1967: $? = 0
configure:1969: gcc -V </dev/null >&5
gcc: argument to `-V' is missing
configure:1972: $? = 1
configure:1992: checking for C compiler default output
configure:1995: gcc    conftest.c  >&5
configure:1998: $? = 0
configure:2032: result: a.out
configure:2037: checking whether the C compiler works
configure:2043: ./a.out
configure:2046: $? = 0
configure:2061: result: yes
configure:2068: checking whether we are cross compiling
configure:2070: result: no
configure:2073: checking for suffix of executables
configure:2075: gcc -o conftest    conftest.c  >&5
configure:2078: $? = 0
configure:2101: result: 
configure:2107: checking for suffix of object files
configure:2125: gcc -c   conftest.c >&5
configure:2128: $? = 0
configure:2147: result: o
configure:2151: checking whether we are using the GNU C compiler
configure:2172: gcc -c   conftest.c >&5
configure:2175: $? = 0
configure:2178: test -s conftest.o
configure:2181: $? = 0
configure:2193: result: yes
configure:2199: checking whether gcc accepts -g
configure:2217: gcc -c -g  conftest.c >&5
configure:2220: $? = 0
configure:2223: test -s conftest.o
configure:2226: $? = 0
configure:2236: result: yes
configure:2253: checking for gcc option to accept ANSI C
configure:2310: gcc  -c -g -O2  conftest.c >&5
configure:2313: $? = 0
configure:2316: test -s conftest.o
configure:2319: $? = 0
configure:2336: result: none needed
configure:2354: gcc -c -g -O2  conftest.c >&5
conftest.c:2: parse error before `me'
configure:2357: $? = 1
configure: failed program was:
#ifndef __cplusplus
  choke me
#endif
configure:2474: checking for style of include used by make
configure:2502: result: GNU
configure:2530: checking dependency style of gcc
configure:2592: result: gcc
configure:2619: checking how to run the C preprocessor
configure:2645: gcc -E  conftest.c
configure:2651: $? = 0
configure:2678: gcc -E  conftest.c
configure:2674: ac_nonexistent.h: No such file or directory
configure:2684: $? = 1
configure: failed program was:
#line 2673 "configure"
#include "confdefs.h"
#include <ac_nonexistent.h>
configure:2721: result: gcc -E
configure:2736: gcc -E  conftest.c
configure:2742: $? = 0
configure:2769: gcc -E  conftest.c
configure:2765: ac_nonexistent.h: No such file or directory
configure:2775: $? = 1
configure: failed program was:
#line 2764 "configure"
#include "confdefs.h"
#include <ac_nonexistent.h>
configure:2815: checking for egrep
configure:2825: result: grep -E
configure:2830: checking for ANSI C header files
configure:2844: gcc -E  conftest.c
configure:2850: $? = 0
configure:2935: gcc -o conftest -g -O2   conftest.c  >&5
configure:2938: $? = 0
configure:2940: ./conftest
configure:2943: $? = 0
configure:2957: result: yes
configure:2981: checking for sys/types.h
configure:2994: gcc -c -g -O2  conftest.c >&5
configure:2997: $? = 0
configure:3000: test -s conftest.o
configure:3003: $? = 0
configure:3013: result: yes
configure:2981: checking for sys/stat.h
configure:2994: gcc -c -g -O2  conftest.c >&5
configure:2997: $? = 0
configure:3000: test -s conftest.o
configure:3003: $? = 0
configure:3013: result: yes
configure:2981: checking for stdlib.h
configure:2994: gcc -c -g -O2  conftest.c >&5
configure:2997: $? = 0
configure:3000: test -s conftest.o
configure:3003: $? = 0
configure:3013: result: yes
configure:2981: checking for string.h
configure:2994: gcc -c -g -O2  conftest.c >&5
configure:2997: $? = 0
configure:3000: test -s conftest.o
configure:3003: $? = 0
configure:3013: result: yes
configure:2981: checking for memory.h
configure:2994: gcc -c -g -O2  conftest.c >&5
configure:2997: $? = 0
configure:3000: test -s conftest.o
configure:3003: $? = 0
configure:3013: result: yes
configure:2981: checking for strings.h
configure:2994: gcc -c -g -O2  conftest.c >&5
configure:2997: $? = 0
configure:3000: test -s conftest.o
configure:3003: $? = 0
configure:3013: result: yes
configure:2981: checking for inttypes.h
configure:2994: gcc -c -g -O2  conftest.c >&5
configure:2997: $? = 0
configure:3000: test -s conftest.o
configure:3003: $? = 0
configure:3013: result: yes
configure:2981: checking for stdint.h
configure:2994: gcc -c -g -O2  conftest.c >&5
configure:2997: $? = 0
configure:3000: test -s conftest.o
configure:3003: $? = 0
configure:3013: result: yes
configure:2981: checking for unistd.h
configure:2994: gcc -c -g -O2  conftest.c >&5
configure:2997: $? = 0
configure:3000: test -s conftest.o
configure:3003: $? = 0
configure:3013: result: yes
configure:3048: checking arpa/inet.h usability
configure:3057: gcc -c -g -O2  conftest.c >&5
configure:3060: $? = 0
configure:3063: test -s conftest.o
configure:3066: $? = 0
configure:3075: result: yes
configure:3079: checking arpa/inet.h presence
configure:3086: gcc -E  conftest.c
configure:3092: $? = 0
configure:3110: result: yes
configure:3128: checking for arpa/inet.h
configure:3135: result: yes
configure:3048: checking limits.h usability
configure:3057: gcc -c -g -O2  conftest.c >&5
configure:3060: $? = 0
configure:3063: test -s conftest.o
configure:3066: $? = 0
configure:3075: result: yes
configure:3079: checking limits.h presence
configure:3086: gcc -E  conftest.c
configure:3092: $? = 0
configure:3110: result: yes
configure:3128: checking for limits.h
configure:3135: result: yes
configure:3048: checking netdb.h usability
configure:3057: gcc -c -g -O2  conftest.c >&5
configure:3060: $? = 0
configure:3063: test -s conftest.o
configure:3066: $? = 0
configure:3075: result: yes
configure:3079: checking netdb.h presence
configure:3086: gcc -E  conftest.c
configure:3092: $? = 0
configure:3110: result: yes
configure:3128: checking for netdb.h
configure:3135: result: yes
configure:3048: checking netinet/in.h usability
configure:3057: gcc -c -g -O2  conftest.c >&5
configure:3060: $? = 0
configure:3063: test -s conftest.o
configure:3066: $? = 0
configure:3075: result: yes
configure:3079: checking netinet/in.h presence
configure:3086: gcc -E  conftest.c
configure:3092: $? = 0
configure:3110: result: yes
configure:3128: checking for netinet/in.h
configure:3135: result: yes
configure:3039: checking for stdlib.h
configure:3044: result: yes
configure:3039: checking for string.h
configure:3044: result: yes
configure:3048: checking sys/ioctl.h usability
configure:3057: gcc -c -g -O2  conftest.c >&5
configure:3060: $? = 0
configure:3063: test -s conftest.o
configure:3066: $? = 0
configure:3075: result: yes
configure:3079: checking sys/ioctl.h presence
configure:3086: gcc -E  conftest.c
configure:3092: $? = 0
configure:3110: result: yes
configure:3128: checking for sys/ioctl.h
configure:3135: result: yes
configure:3048: checking sys/socket.h usability
configure:3057: gcc -c -g -O2  conftest.c >&5
configure:3060: $? = 0
configure:3063: test -s conftest.o
configure:3066: $? = 0
configure:3075: result: yes
configure:3079: checking sys/socket.h presence
configure:3086: gcc -E  conftest.c
configure:3092: $? = 0
configure:3110: result: yes
configure:3128: checking for sys/socket.h
configure:3135: result: yes
configure:3048: checking sys/time.h usability
configure:3057: gcc -c -g -O2  conftest.c >&5
configure:3060: $? = 0
configure:3063: test -s conftest.o
configure:3066: $? = 0
configure:3075: result: yes
configure:3079: checking sys/time.h presence
configure:3086: gcc -E  conftest.c
configure:3092: $? = 0
configure:3110: result: yes
configure:3128: checking for sys/time.h
configure:3135: result: yes
configure:3039: checking for unistd.h
configure:3044: result: yes
configure:3150: checking for an ANSI C-conforming const
configure:3214: gcc -c -g -O2  conftest.c >&5
configure:3217: $? = 0
configure:3220: test -s conftest.o
configure:3223: $? = 0
configure:3233: result: yes
configure:3243: checking whether time.h and sys/time.h may both be included
configure:3265: gcc -c -g -O2  conftest.c >&5
configure:3268: $? = 0
configure:3271: test -s conftest.o
configure:3274: $? = 0
configure:3284: result: yes
configure:3297: checking whether gcc needs -traditional
configure:3333: result: no
configure:3350: checking for gethostbyname
configure:3387: gcc -o conftest -g -O2   conftest.c  >&5
configure:3390: $? = 0
configure:3393: test -s conftest
configure:3396: $? = 0
configure:3406: result: yes
configure:3350: checking for gettimeofday
configure:3387: gcc -o conftest -g -O2   conftest.c  >&5
configure:3390: $? = 0
configure:3393: test -s conftest
configure:3396: $? = 0
configure:3406: result: yes
configure:3350: checking for inet_ntoa
configure:3387: gcc -o conftest -g -O2   conftest.c  >&5
configure:3390: $? = 0
configure:3393: test -s conftest
configure:3396: $? = 0
configure:3406: result: yes
configure:3350: checking for memset
configure:3387: gcc -o conftest -g -O2   conftest.c  >&5
configure:3365: warning: conflicting types for built-in function `memset'
configure:3390: $? = 0
configure:3393: test -s conftest
configure:3396: $? = 0
configure:3406: result: yes
configure:3350: checking for select
configure:3387: gcc -o conftest -g -O2   conftest.c  >&5
configure:3390: $? = 0
configure:3393: test -s conftest
configure:3396: $? = 0
configure:3406: result: yes
configure:3350: checking for socket
configure:3387: gcc -o conftest -g -O2   conftest.c  >&5
configure:3390: $? = 0
configure:3393: test -s conftest
configure:3396: $? = 0
configure:3406: result: yes
configure:3350: checking for strdup
configure:3387: gcc -o conftest -g -O2   conftest.c  >&5
configure:3390: $? = 0
configure:3393: test -s conftest
configure:3396: $? = 0
configure:3406: result: yes
configure:3528: creating ./config.status

## ---------------- ##
## Cache variables. ##
## ---------------- ##

ac_cv_c_compiler_gnu=yes
ac_cv_c_const=yes
ac_cv_env_CC_set=
ac_cv_env_CC_value=
ac_cv_env_CFLAGS_set=
ac_cv_env_CFLAGS_value=
ac_cv_env_CPPFLAGS_set=
ac_cv_env_CPPFLAGS_value=
ac_cv_env_CPP_set=
ac_cv_env_CPP_value=
ac_cv_env_LDFLAGS_set=
ac_cv_env_LDFLAGS_value=
ac_cv_env_build_alias_set=
ac_cv_env_build_alias_value=
ac_cv_env_host_alias_set=
ac_cv_env_host_alias_value=
ac_cv_env_target_alias_set=
ac_cv_env_target_alias_value=
ac_cv_exeext=
ac_cv_func_gethostbyname=yes
ac_cv_func_gettimeofday=yes
ac_cv_func_inet_ntoa=yes
ac_cv_func_memset=yes
ac_cv_func_select=yes
ac_cv_func_socket=yes
ac_cv_func_strdup=yes
ac_cv_header_arpa_inet_h=yes
ac_cv_header_inttypes_h=yes
ac_cv_header_limits_h=yes
ac_cv_header_memory_h=yes
ac_cv_header_netdb_h=yes
ac_cv_header_netinet_in_h=yes
ac_cv_header_stdc=yes
ac_cv_header_stdint_h=yes
ac_cv_header_stdlib_h=yes
ac_cv_header_string_h=yes
ac_cv_header_strings_h=yes
ac_cv_header_sys_ioctl_h=yes
ac_cv_header_sys_socket_h=yes
ac_cv_header_sys_stat_h=yes
ac_cv_header_sys_time_h=yes
ac_cv_header_sys_types_h=yes
ac_cv_header_time=yes
ac_cv_header_unistd_h=yes
ac_cv_objext=o
ac_cv_path_install='/usr/bin/ginstall -c'
ac_cv_prog_AWK=gawk
ac_cv_prog_CPP='gcc -E'
ac_cv_prog_ac_ct_CC=gcc
ac_cv_prog_cc_g=yes
ac_cv_prog_cc_stdc=
ac_cv_prog_egrep='grep -E'
ac_cv_prog_gcc_traditional=no
ac_cv_prog_make_make_set=yes
am_cv_CC_dependencies_compiler_type=gcc

## ----------------- ##
## Output variables. ##
## ----------------- ##

ACLOCAL='${SHELL} /home/buffer/rawicmp-0.6.1/missing --run aclocal-1.7'
AMDEPBACKSLASH='\'
AMDEP_FALSE='#'
AMDEP_TRUE=''
AMTAR='${SHELL} /home/buffer/rawicmp-0.6.1/missing --run tar'
AUTOCONF='${SHELL} /home/buffer/rawicmp-0.6.1/missing --run autoconf'
AUTOHEADER='${SHELL} /home/buffer/rawicmp-0.6.1/missing --run autoheader'
AUTOMAKE='${SHELL} /home/buffer/rawicmp-0.6.1/missing --run automake-1.7'
AWK='gawk'
CC='gcc'
CCDEPMODE='depmode=gcc'
CFLAGS='-g -O2'
CPP='gcc -E'
CPPFLAGS=''
CYGPATH_W='echo'
DEFS='-DHAVE_CONFIG_H'
DEPDIR='.deps'
ECHO_C=''
ECHO_N='-n'
ECHO_T=''
EGREP='grep -E'
EXEEXT=''
INSTALL_DATA='${INSTALL} -m 644'
INSTALL_PROGRAM='${INSTALL}'
INSTALL_SCRIPT='${INSTALL}'
INSTALL_STRIP_PROGRAM='${SHELL} $(install_sh) -c -s'
LDFLAGS=''
LIBOBJS=''
LIBS=''
LTLIBOBJS=''
MAKEINFO='${SHELL} /home/buffer/rawicmp-0.6.1/missing --run makeinfo'
OBJEXT='o'
PACKAGE='rawicmp'
PACKAGE_BUGREPORT='buffer@users.sourceforge.net'
PACKAGE_NAME='rawicmp'
PACKAGE_STRING='rawicmp 0.6.1'
PACKAGE_TARNAME='rawicmp'
PACKAGE_VERSION='0.6.1'
PATH_SEPARATOR=':'
SET_MAKE=''
SHELL='/bin/sh'
STRIP=''
VERSION='0.6.1'
ac_ct_CC='gcc'
ac_ct_STRIP=''
am__fastdepCC_FALSE=''
am__fastdepCC_TRUE='#'
am__include='include'
am__quote=''
bindir='${exec_prefix}/bin'
build_alias=''
datadir='${prefix}/share'
exec_prefix='${prefix}'
host_alias=''
includedir='${prefix}/include'
infodir='${prefix}/info'
install_sh='/home/buffer/rawicmp-0.6.1/install-sh'
libdir='${exec_prefix}/lib'
libexecdir='${exec_prefix}/libexec'
localstatedir='${prefix}/var'
mandir='${prefix}/man'
oldincludedir='/usr/include'
prefix='/usr/local'
program_transform_name='s,x,x,'
sbindir='${exec_prefix}/sbin'
sharedstatedir='${prefix}/com'
sysconfdir='${prefix}/etc'
target_alias=''

## ----------- ##
## confdefs.h. ##
## ----------- ##

#define HAVE_ARPA_INET_H 1
#define HAVE_GETHOSTBYNAME 1
#define HAVE_GETTIMEOFDAY 1
#define HAVE_INET_NTOA 1
#define HAVE_INTTYPES_H 1
#define HAVE_LIMITS_H 1
#define HAVE_MEMORY_H 1
#define HAVE_MEMSET 1
#define HAVE_NETDB_H 1
#define HAVE_NETINET_IN_H 1
#define HAVE_SELECT 1
#define HAVE_SOCKET 1
#define HAVE_STDINT_H 1
#define HAVE_STDLIB_H 1
#define HAVE_STDLIB_H 1
#define HAVE_STRDUP 1
#define HAVE_STRINGS_H 1
#define HAVE_STRING_H 1
#define HAVE_STRING_H 1
#define HAVE_SYS_IOCTL_H 1
#define HAVE_SYS_SOCKET_H 1
#define HAVE_SYS_STAT_H 1
#define HAVE_SYS_TIME_H 1
#define HAVE_SYS_TYPES_H 1
#define HAVE_UNISTD_H 1
#define HAVE_UNISTD_H 1
#define PACKAGE "rawicmp"
#define PACKAGE_BUGREPORT "buffer@users.sourceforge.net"
#define PACKAGE_NAME "rawicmp"
#define PACKAGE_STRING "rawicmp 0.6.1"
#define PACKAGE_TARNAME "rawicmp"
#define PACKAGE_VERSION "0.6.1"
#define STDC_HEADERS 1
#define TIME_WITH_SYS_TIME 1
#define VERSION "0.6.1"

configure: exit 0

## ---------------------- ##
## Running config.status. ##
## ---------------------- ##

This file was extended by rawicmp config.status 0.6.1, which was
generated by GNU Autoconf 2.54.  Invocation command line was

  CONFIG_FILES    = 
  CONFIG_HEADERS  = 
  CONFIG_LINKS    = 
  CONFIG_COMMANDS = 
  $ ./config.status Makefile depfiles

on darkstar

config.status:628: creating Makefile
config.status:986: executing depfiles commands

## ---------------------- ##
## Running config.status. ##
## ---------------------- ##

This file was extended by rawicmp config.status 0.6.1, which was
generated by GNU Autoconf 2.54.  Invocation command line was

  CONFIG_FILES    = 
  CONFIG_HEADERS  = 
  CONFIG_LINKS    = 
  CONFIG_COMMANDS = 
  $ ./config.status config.h

on darkstar

config.status:732: creating config.h
config.status:873: config.h is unchanged
